Using device: cpu
CPU threads: 1

════════════════════════════════════════════════════════════════════════════════
 Training Initialization
════════════════════════════════════════════════════════════════════════════════
 Seed              : 17
 Action space      : Box([-1. -1. -1.], [1. 1. 1.], (3,), float32)
 State space       : Box([-inf -inf -inf -inf -inf -inf -inf -inf -inf -inf -inf], [inf inf inf inf inf inf inf inf inf inf inf], (11,), float64)
 Dynamics params   : [2.47400421 3.92699082 2.71433605 5.0893801 ]
════════════════════════════════════════════════════════════════════════════════


════════════════════════════════════════════════════════════════════════════════
 Episode 1,001/15000 [##────────────────────────────]   6.7%
────────────────────────────────────────────────────────────────────────────────
 Last Return    :   287.29
 Last Steps     :      159
 Reward/Step    :    1.807
────────────────────────────────────────────────────────────────────────────────
 Avg Return     :   191.48 ± 63.26
 Avg Steps      :     92.5
 Avg Reward/Step:    2.070
────────────────────────────────────────────────────────────────────────────────
 Elapsed Time   :    1.4 min
════════════════════════════════════════════════════════════════════════════════


════════════════════════════════════════════════════════════════════════════════
 Episode 2,001/15000 [####──────────────────────────]  13.3%
────────────────────────────────────────────────────────────────────────────────
 Last Return    :   246.72
 Last Steps     :      112
 Reward/Step    :    2.203
────────────────────────────────────────────────────────────────────────────────
 Avg Return     :   259.12 ± 17.45
 Avg Steps      :    133.8
 Avg Reward/Step:    1.937
────────────────────────────────────────────────────────────────────────────────
 Elapsed Time   :    3.3 min
════════════════════════════════════════════════════════════════════════════════


════════════════════════════════════════════════════════════════════════════════
 Episode 3,001/15000 [######────────────────────────]  20.0%
────────────────────────────────────────────────────────────────────────────────
 Last Return    :   371.70
 Last Steps     :      213
 Reward/Step    :    1.745
────────────────────────────────────────────────────────────────────────────────
 Avg Return     :   325.11 ± 50.14
 Avg Steps      :    187.7
 Avg Reward/Step:    1.732
────────────────────────────────────────────────────────────────────────────────
 Elapsed Time   :    6.1 min
════════════════════════════════════════════════════════════════════════════════


════════════════════════════════════════════════════════════════════════════════
 Episode 4,001/15000 [########──────────────────────]  26.7%
────────────────────────────────────────────────────────────────────────────────
 Last Return    :   308.33
 Last Steps     :      150
 Reward/Step    :    2.056
────────────────────────────────────────────────────────────────────────────────
 Avg Return     :   328.74 ± 31.79
 Avg Steps      :    166.4
 Avg Reward/Step:    1.976
────────────────────────────────────────────────────────────────────────────────
 Elapsed Time   :    8.6 min
════════════════════════════════════════════════════════════════════════════════


════════════════════════════════════════════════════════════════════════════════
 Episode 5,001/15000 [##########────────────────────]  33.3%
────────────────────────────────────────────────────────────────────────────────
 Last Return    :   331.04
 Last Steps     :      157
 Reward/Step    :    2.109
────────────────────────────────────────────────────────────────────────────────
 Avg Return     :   345.66 ± 30.30
 Avg Steps      :    163.4
 Avg Reward/Step:    2.115
────────────────────────────────────────────────────────────────────────────────
 Elapsed Time   :   11.0 min
════════════════════════════════════════════════════════════════════════════════


════════════════════════════════════════════════════════════════════════════════
 Model Saved
════════════════════════════════════════════════════════════════════════════════
 Episode       : 4999
 Save Path     : models/Actor-Critic_batch50_mode_baseline_seed17_episode005000.mdl
════════════════════════════════════════════════════════════════════════════════


════════════════════════════════════════════════════════════════════════════════
 New Best Model Saved
════════════════════════════════════════════════════════════════════════════════
 Episode       : 4999
 Avg Reward    : 345.66
 Save Path     : models/Actor-Critic_batch50_mode_baseline_seed17_best.mdl
════════════════════════════════════════════════════════════════════════════════


════════════════════════════════════════════════════════════════════════════════
 Episode 6,001/15000 [############──────────────────]  40.0%
────────────────────────────────────────────────────────────────────────────────
 Last Return    :   259.43
 Last Steps     :      115
 Reward/Step    :    2.256
────────────────────────────────────────────────────────────────────────────────
 Avg Return     :   317.57 ± 123.85
 Avg Steps      :    142.4
 Avg Reward/Step:    2.231
────────────────────────────────────────────────────────────────────────────────
 Elapsed Time   :   13.1 min
════════════════════════════════════════════════════════════════════════════════


════════════════════════════════════════════════════════════════════════════════
 Episode 7,001/15000 [##############────────────────]  46.7%
────────────────────────────────────────────────────────────────────────────────
 Last Return    :   361.69
 Last Steps     :      173
 Reward/Step    :    2.091
────────────────────────────────────────────────────────────────────────────────
 Avg Return     :   332.03 ± 54.00
 Avg Steps      :    158.3
 Avg Reward/Step:    2.098
────────────────────────────────────────────────────────────────────────────────
 Elapsed Time   :   15.3 min
════════════════════════════════════════════════════════════════════════════════


════════════════════════════════════════════════════════════════════════════════
 Episode 8,001/15000 [################──────────────]  53.3%
────────────────────────────────────────────────────────────────────────────────
 Last Return    :   302.64
 Last Steps     :      125
 Reward/Step    :    2.421
────────────────────────────────────────────────────────────────────────────────
 Avg Return     :   329.49 ± 40.33
 Avg Steps      :    149.6
 Avg Reward/Step:    2.202
────────────────────────────────────────────────────────────────────────────────
 Elapsed Time   :   17.6 min
════════════════════════════════════════════════════════════════════════════════


════════════════════════════════════════════════════════════════════════════════
 Episode 9,001/15000 [##################────────────]  60.0%
────────────────────────────────────────────────────────────────────────────────
 Last Return    :   288.21
 Last Steps     :      149
 Reward/Step    :    1.934
────────────────────────────────────────────────────────────────────────────────
 Avg Return     :   302.27 ± 26.39
 Avg Steps      :    134.8
 Avg Reward/Step:    2.242
────────────────────────────────────────────────────────────────────────────────
 Elapsed Time   :   19.6 min
════════════════════════════════════════════════════════════════════════════════


════════════════════════════════════════════════════════════════════════════════
 Episode 10,001/15000 [####################──────────]  66.7%
────────────────────────────────────────────────────────────────────────────────
 Last Return    :   338.09
 Last Steps     :      177
 Reward/Step    :    1.910
────────────────────────────────────────────────────────────────────────────────
 Avg Return     :   321.88 ± 43.13
 Avg Steps      :    167.2
 Avg Reward/Step:    1.926
────────────────────────────────────────────────────────────────────────────────
 Elapsed Time   :   22.0 min
════════════════════════════════════════════════════════════════════════════════


════════════════════════════════════════════════════════════════════════════════
 Model Saved
════════════════════════════════════════════════════════════════════════════════
 Episode       : 9999
 Save Path     : models/Actor-Critic_batch50_mode_baseline_seed17_episode010000.mdl
════════════════════════════════════════════════════════════════════════════════


════════════════════════════════════════════════════════════════════════════════
 Episode 11,001/15000 [######################────────]  73.3%
────────────────────────────────────────────────────────────────────────────────
 Last Return    :   376.90
 Last Steps     :      189
 Reward/Step    :    1.994
────────────────────────────────────────────────────────────────────────────────
 Avg Return     :   349.97 ± 21.92
 Avg Steps      :    178.0
 Avg Reward/Step:    1.967
────────────────────────────────────────────────────────────────────────────────
 Elapsed Time   :   24.6 min
════════════════════════════════════════════════════════════════════════════════


════════════════════════════════════════════════════════════════════════════════
 Episode 12,001/15000 [########################──────]  80.0%
────────────────────────────────────────────────────────────────────────────────
 Last Return    :   866.60
 Last Steps     :      456
 Reward/Step    :    1.900
────────────────────────────────────────────────────────────────────────────────
 Avg Return     :   404.64 ± 119.05
 Avg Steps      :    187.7
 Avg Reward/Step:    2.156
────────────────────────────────────────────────────────────────────────────────
 Elapsed Time   :   27.3 min
════════════════════════════════════════════════════════════════════════════════


════════════════════════════════════════════════════════════════════════════════
 Episode 13,001/15000 [##########################────]  86.7%
────────────────────────────────────────────────────────────────────────────────
 Last Return    :   757.86
 Last Steps     :      236
 Reward/Step    :    3.211
────────────────────────────────────────────────────────────────────────────────
 Avg Return     :   490.59 ± 205.59
 Avg Steps      :    186.2
 Avg Reward/Step:    2.635
────────────────────────────────────────────────────────────────────────────────
 Elapsed Time   :   30.1 min
════════════════════════════════════════════════════════════════════════════════


════════════════════════════════════════════════════════════════════════════════
 Episode 14,001/15000 [############################──]  93.3%
────────────────────────────────────────────────────────────────────────────────
 Last Return    :   391.85
 Last Steps     :      150
 Reward/Step    :    2.612
────────────────────────────────────────────────────────────────────────────────
 Avg Return     :   416.89 ± 166.89
 Avg Steps      :    152.1
 Avg Reward/Step:    2.741
────────────────────────────────────────────────────────────────────────────────
 Elapsed Time   :   32.3 min
════════════════════════════════════════════════════════════════════════════════


════════════════════════════════════════════════════════════════════════════════
 Episode 15,001/15000 [##############################] 100.0%
────────────────────────────────────────────────────────────────────────────────
 Last Return    :   189.58
 Last Steps     :       98
 Reward/Step    :    1.934
────────────────────────────────────────────────────────────────────────────────
 Avg Return     :   379.26 ± 111.59
 Avg Steps      :    138.9
 Avg Reward/Step:    2.731
────────────────────────────────────────────────────────────────────────────────
 Elapsed Time   :   34.3 min
════════════════════════════════════════════════════════════════════════════════


════════════════════════════════════════════════════════════════════════════════
 Model Saved
════════════════════════════════════════════════════════════════════════════════
 Episode       : 14999
 Save Path     : models/Actor-Critic_batch50_mode_baseline_seed17_episode015000.mdl
════════════════════════════════════════════════════════════════════════════════


════════════════════════════════════════════════════════════════════════════════
 New Best Model Saved
════════════════════════════════════════════════════════════════════════════════
 Episode       : 14999
 Avg Reward    : 379.26
 Save Path     : models/Actor-Critic_batch50_mode_baseline_seed17_best.mdl
════════════════════════════════════════════════════════════════════════════════


════════════════════════════════════════════════════════════════════════════════
 Training Completed
════════════════════════════════════════════════════════════════════════════════
 Total Episodes : 15000
 Total Time     : 34.3 minutes
════════════════════════════════════════════════════════════════════════════════

