Using device: cpu
CPU threads: 1

════════════════════════════════════════════════════════════════════════════════
 Training Initialization
════════════════════════════════════════════════════════════════════════════════
 Seed              : 17
 Action space      : Box([-1. -1. -1.], [1. 1. 1.], (3,), float32)
 State space       : Box([-inf -inf -inf -inf -inf -inf -inf -inf -inf -inf -inf], [inf inf inf inf inf inf inf inf inf inf inf], (11,), float64)
 Dynamics params   : [2.47400421 3.92699082 2.71433605 5.0893801 ]
════════════════════════════════════════════════════════════════════════════════


════════════════════════════════════════════════════════════════════════════════
 Episode 1,001/15000 [##────────────────────────────]   6.7%
────────────────────────────────────────────────────────────────────────────────
 Last Return    :    12.94
 Last Steps     :       13
 Reward/Step    :    0.996
────────────────────────────────────────────────────────────────────────────────
 Avg Return     :    48.49 ± 44.08
 Avg Steps      :     36.1
 Avg Reward/Step:    1.341
────────────────────────────────────────────────────────────────────────────────
 Elapsed Time   :    0.5 min
════════════════════════════════════════════════════════════════════════════════


════════════════════════════════════════════════════════════════════════════════
 Episode 2,001/15000 [####──────────────────────────]  13.3%
────────────────────────────────────────────────────────────────────────────────
 Last Return    :   122.11
 Last Steps     :       75
 Reward/Step    :    1.628
────────────────────────────────────────────────────────────────────────────────
 Avg Return     :    50.01 ± 43.61
 Avg Steps      :     37.7
 Avg Reward/Step:    1.327
────────────────────────────────────────────────────────────────────────────────
 Elapsed Time   :    1.1 min
════════════════════════════════════════════════════════════════════════════════


════════════════════════════════════════════════════════════════════════════════
 Episode 3,001/15000 [######────────────────────────]  20.0%
────────────────────────────────────────────────────────────────────────────────
 Last Return    :    16.96
 Last Steps     :       18
 Reward/Step    :    0.942
────────────────────────────────────────────────────────────────────────────────
 Avg Return     :    51.64 ± 43.44
 Avg Steps      :     37.5
 Avg Reward/Step:    1.378
────────────────────────────────────────────────────────────────────────────────
 Elapsed Time   :    1.6 min
════════════════════════════════════════════════════════════════════════════════


════════════════════════════════════════════════════════════════════════════════
 Episode 4,001/15000 [########──────────────────────]  26.7%
────────────────────────────────────────────────────────────────────────────────
 Last Return    :     9.74
 Last Steps     :       18
 Reward/Step    :    0.541
────────────────────────────────────────────────────────────────────────────────
 Avg Return     :    52.23 ± 46.20
 Avg Steps      :     38.2
 Avg Reward/Step:    1.366
────────────────────────────────────────────────────────────────────────────────
 Elapsed Time   :    2.2 min
════════════════════════════════════════════════════════════════════════════════


════════════════════════════════════════════════════════════════════════════════
 Episode 5,001/15000 [##########────────────────────]  33.3%
────────────────────────────────────────────────────────────────────────────────
 Last Return    :    75.57
 Last Steps     :       44
 Reward/Step    :    1.717
────────────────────────────────────────────────────────────────────────────────
 Avg Return     :    51.87 ± 45.10
 Avg Steps      :     37.8
 Avg Reward/Step:    1.371
────────────────────────────────────────────────────────────────────────────────
 Elapsed Time   :    2.7 min
════════════════════════════════════════════════════════════════════════════════


════════════════════════════════════════════════════════════════════════════════
 Model Saved
════════════════════════════════════════════════════════════════════════════════
 Episode       : 4999
 Save Path     : models/Actor-Critic_batch50_mode_D_seed17_episode005000.mdl
════════════════════════════════════════════════════════════════════════════════


════════════════════════════════════════════════════════════════════════════════
 New Best Model Saved
════════════════════════════════════════════════════════════════════════════════
 Episode       : 4999
 Avg Reward    : 51.87
 Save Path     : models/Actor-Critic_batch50_mode_D_seed17_best.mdl
════════════════════════════════════════════════════════════════════════════════


════════════════════════════════════════════════════════════════════════════════
 Episode 6,001/15000 [############──────────────────]  40.0%
────────────────────────────────────────────────────────────────────────────────
 Last Return    :     5.92
 Last Steps     :       15
 Reward/Step    :    0.394
────────────────────────────────────────────────────────────────────────────────
 Avg Return     :    52.02 ± 44.37
 Avg Steps      :     38.5
 Avg Reward/Step:    1.352
────────────────────────────────────────────────────────────────────────────────
 Elapsed Time   :    3.3 min
════════════════════════════════════════════════════════════════════════════════


════════════════════════════════════════════════════════════════════════════════
 Episode 7,001/15000 [##############────────────────]  46.7%
────────────────────────────────────────────────────────────────────────────────
 Last Return    :   114.75
 Last Steps     :       60
 Reward/Step    :    1.912
────────────────────────────────────────────────────────────────────────────────
 Avg Return     :    50.22 ± 43.67
 Avg Steps      :     37.1
 Avg Reward/Step:    1.353
────────────────────────────────────────────────────────────────────────────────
 Elapsed Time   :    3.8 min
════════════════════════════════════════════════════════════════════════════════


════════════════════════════════════════════════════════════════════════════════
 Episode 8,001/15000 [################──────────────]  53.3%
────────────────────────────────────────────────────────────────────────────────
 Last Return    :    50.46
 Last Steps     :       65
 Reward/Step    :    0.776
────────────────────────────────────────────────────────────────────────────────
 Avg Return     :    52.30 ± 45.42
 Avg Steps      :     37.9
 Avg Reward/Step:    1.378
────────────────────────────────────────────────────────────────────────────────
 Elapsed Time   :    4.3 min
════════════════════════════════════════════════════════════════════════════════


════════════════════════════════════════════════════════════════════════════════
 Episode 9,001/15000 [##################────────────]  60.0%
────────────────────────────────────────────────────────────────────────────────
 Last Return    :    41.27
 Last Steps     :       38
 Reward/Step    :    1.086
────────────────────────────────────────────────────────────────────────────────
 Avg Return     :    51.26 ± 45.27
 Avg Steps      :     38.0
 Avg Reward/Step:    1.350
────────────────────────────────────────────────────────────────────────────────
 Elapsed Time   :    4.9 min
════════════════════════════════════════════════════════════════════════════════


════════════════════════════════════════════════════════════════════════════════
 Episode 10,001/15000 [####################──────────]  66.7%
────────────────────────────────────────────────────────────────────────────────
 Last Return    :   107.12
 Last Steps     :       94
 Reward/Step    :    1.140
────────────────────────────────────────────────────────────────────────────────
 Avg Return     :    51.32 ± 45.05
 Avg Steps      :     37.9
 Avg Reward/Step:    1.355
────────────────────────────────────────────────────────────────────────────────
 Elapsed Time   :    5.4 min
════════════════════════════════════════════════════════════════════════════════


════════════════════════════════════════════════════════════════════════════════
 Model Saved
════════════════════════════════════════════════════════════════════════════════
 Episode       : 9999
 Save Path     : models/Actor-Critic_batch50_mode_D_seed17_episode010000.mdl
════════════════════════════════════════════════════════════════════════════════


════════════════════════════════════════════════════════════════════════════════
 Episode 11,001/15000 [######################────────]  73.3%
────────────────────────────────────────────────────────────────────────────────
 Last Return    :    11.21
 Last Steps     :       17
 Reward/Step    :    0.659
────────────────────────────────────────────────────────────────────────────────
 Avg Return     :    51.02 ± 44.82
 Avg Steps      :     37.7
 Avg Reward/Step:    1.355
────────────────────────────────────────────────────────────────────────────────
 Elapsed Time   :    6.0 min
════════════════════════════════════════════════════════════════════════════════


════════════════════════════════════════════════════════════════════════════════
 Episode 12,001/15000 [########################──────]  80.0%
────────────────────────────────────────────────────────────────────────────────
 Last Return    :    21.28
 Last Steps     :       38
 Reward/Step    :    0.560
────────────────────────────────────────────────────────────────────────────────
 Avg Return     :    50.55 ± 44.10
 Avg Steps      :     37.6
 Avg Reward/Step:    1.343
────────────────────────────────────────────────────────────────────────────────
 Elapsed Time   :    6.5 min
════════════════════════════════════════════════════════════════════════════════


════════════════════════════════════════════════════════════════════════════════
 Episode 13,001/15000 [##########################────]  86.7%
────────────────────────────────────────────────────────────────────────────────
 Last Return    :    68.61
 Last Steps     :       41
 Reward/Step    :    1.674
────────────────────────────────────────────────────────────────────────────────
 Avg Return     :    48.18 ± 42.01
 Avg Steps      :     36.6
 Avg Reward/Step:    1.315
────────────────────────────────────────────────────────────────────────────────
 Elapsed Time   :    7.1 min
════════════════════════════════════════════════════════════════════════════════


════════════════════════════════════════════════════════════════════════════════
 Episode 14,001/15000 [############################──]  93.3%
────────────────────────────────────────────────────────────────────────────────
 Last Return    :    25.50
 Last Steps     :       21
 Reward/Step    :    1.214
────────────────────────────────────────────────────────────────────────────────
 Avg Return     :    51.48 ± 45.78
 Avg Steps      :     37.4
 Avg Reward/Step:    1.376
────────────────────────────────────────────────────────────────────────────────
 Elapsed Time   :    7.6 min
════════════════════════════════════════════════════════════════════════════════


════════════════════════════════════════════════════════════════════════════════
 Episode 15,001/15000 [##############################] 100.0%
────────────────────────────────────────────────────────────────────────────────
 Last Return    :   111.76
 Last Steps     :       56
 Reward/Step    :    1.996
────────────────────────────────────────────────────────────────────────────────
 Avg Return     :    51.77 ± 44.53
 Avg Steps      :     38.5
 Avg Reward/Step:    1.344
────────────────────────────────────────────────────────────────────────────────
 Elapsed Time   :    8.2 min
════════════════════════════════════════════════════════════════════════════════


════════════════════════════════════════════════════════════════════════════════
 Model Saved
════════════════════════════════════════════════════════════════════════════════
 Episode       : 14999
 Save Path     : models/Actor-Critic_batch50_mode_D_seed17_episode015000.mdl
════════════════════════════════════════════════════════════════════════════════


════════════════════════════════════════════════════════════════════════════════
 Training Completed
════════════════════════════════════════════════════════════════════════════════
 Total Episodes : 15000
 Total Time     : 8.2 minutes
════════════════════════════════════════════════════════════════════════════════

