Using device: cpu
CPU threads: 1

════════════════════════════════════════════════════════════════════════════════
 Training Initialization
════════════════════════════════════════════════════════════════════════════════
 Seed              : 8
 Action space      : Box([-1. -1. -1.], [1. 1. 1.], (3,), float32)
 State space       : Box([-inf -inf -inf -inf -inf -inf -inf -inf -inf -inf -inf], [inf inf inf inf inf inf inf inf inf inf inf], (11,), float64)
 Dynamics params   : [2.47400421 3.92699082 2.71433605 5.0893801 ]
════════════════════════════════════════════════════════════════════════════════


════════════════════════════════════════════════════════════════════════════════
 Episode 1,001/15000 [##────────────────────────────]   6.7%
────────────────────────────────────────────────────────────────────────────────
 Last Return    :   278.28
 Last Steps     :      146
 Reward/Step    :    1.906
────────────────────────────────────────────────────────────────────────────────
 Avg Return     :   172.28 ± 90.47
 Avg Steps      :     93.6
 Avg Reward/Step:    1.841
────────────────────────────────────────────────────────────────────────────────
 Elapsed Time   :    1.3 min
════════════════════════════════════════════════════════════════════════════════


════════════════════════════════════════════════════════════════════════════════
 Episode 2,001/15000 [####──────────────────────────]  13.3%
────────────────────────────────────────────────────────────────────────────────
 Last Return    :   373.43
 Last Steps     :      189
 Reward/Step    :    1.976
────────────────────────────────────────────────────────────────────────────────
 Avg Return     :   406.11 ± 62.26
 Avg Steps      :    240.7
 Avg Reward/Step:    1.687
────────────────────────────────────────────────────────────────────────────────
 Elapsed Time   :    4.9 min
════════════════════════════════════════════════════════════════════════════════


════════════════════════════════════════════════════════════════════════════════
 Episode 3,001/15000 [######────────────────────────]  20.0%
────────────────────────────────────────────────────────────────────────────────
 Last Return    :   345.56
 Last Steps     :      132
 Reward/Step    :    2.618
────────────────────────────────────────────────────────────────────────────────
 Avg Return     :   348.52 ± 51.81
 Avg Steps      :    169.6
 Avg Reward/Step:    2.055
────────────────────────────────────────────────────────────────────────────────
 Elapsed Time   :    7.4 min
════════════════════════════════════════════════════════════════════════════════


════════════════════════════════════════════════════════════════════════════════
 Episode 4,001/15000 [########──────────────────────]  26.7%
────────────────────────────────────────────────────────────────────────────────
 Last Return    :   341.75
 Last Steps     :      146
 Reward/Step    :    2.341
────────────────────────────────────────────────────────────────────────────────
 Avg Return     :   300.51 ± 67.79
 Avg Steps      :    128.1
 Avg Reward/Step:    2.345
────────────────────────────────────────────────────────────────────────────────
 Elapsed Time   :    9.3 min
════════════════════════════════════════════════════════════════════════════════


════════════════════════════════════════════════════════════════════════════════
 Episode 5,001/15000 [##########────────────────────]  33.3%
────────────────────────────────────────────────────────────────────────────────
 Last Return    :   405.99
 Last Steps     :      188
 Reward/Step    :    2.160
────────────────────────────────────────────────────────────────────────────────
 Avg Return     :   365.74 ± 77.85
 Avg Steps      :    166.3
 Avg Reward/Step:    2.199
────────────────────────────────────────────────────────────────────────────────
 Elapsed Time   :   11.8 min
════════════════════════════════════════════════════════════════════════════════


════════════════════════════════════════════════════════════════════════════════
 Model Saved
════════════════════════════════════════════════════════════════════════════════
 Episode       : 4999
 Save Path     : models/Actor-Critic_batch50_mode_baseline_seed8_episode005000.mdl
════════════════════════════════════════════════════════════════════════════════


════════════════════════════════════════════════════════════════════════════════
 New Best Model Saved
════════════════════════════════════════════════════════════════════════════════
 Episode       : 4999
 Avg Reward    : 365.74
 Save Path     : models/Actor-Critic_batch50_mode_baseline_seed8_best.mdl
════════════════════════════════════════════════════════════════════════════════


════════════════════════════════════════════════════════════════════════════════
 Episode 6,001/15000 [############──────────────────]  40.0%
────────────────────────────────────────────────────────────────────────────────
 Last Return    :   208.85
 Last Steps     :      123
 Reward/Step    :    1.698
────────────────────────────────────────────────────────────────────────────────
 Avg Return     :   387.81 ± 124.15
 Avg Steps      :    153.5
 Avg Reward/Step:    2.526
────────────────────────────────────────────────────────────────────────────────
 Elapsed Time   :   14.1 min
════════════════════════════════════════════════════════════════════════════════

Traceback (most recent call last):
