Using device: cpu
CPU threads: 1

════════════════════════════════════════════════════════════════════════════════
 Training Initialization
════════════════════════════════════════════════════════════════════════════════
 Seed              : 17
 Action space      : Box([-1. -1. -1.], [1. 1. 1.], (3,), float32)
 State space       : Box([-inf -inf -inf -inf -inf -inf -inf -inf -inf -inf -inf], [inf inf inf inf inf inf inf inf inf inf inf], (11,), float64)
 Dynamics params   : [2.47400421 3.92699082 2.71433605 5.0893801 ]
════════════════════════════════════════════════════════════════════════════════


════════════════════════════════════════════════════════════════════════════════
 Episode 1,001/15000 [##────────────────────────────]   6.7%
────────────────────────────────────────────────────────────────────────────────
 Last Return    :    80.90
 Last Steps     :       44
 Reward/Step    :    1.839
────────────────────────────────────────────────────────────────────────────────
 Avg Return     :    51.03 ± 28.82
 Avg Steps      :     34.6
 Avg Reward/Step:    1.475
────────────────────────────────────────────────────────────────────────────────
 Elapsed Time   :    0.5 min
════════════════════════════════════════════════════════════════════════════════


════════════════════════════════════════════════════════════════════════════════
 Episode 2,001/15000 [####──────────────────────────]  13.3%
────────────────────────────────────────────────────────────────────────────────
 Last Return    :    38.88
 Last Steps     :       21
 Reward/Step    :    1.852
────────────────────────────────────────────────────────────────────────────────
 Avg Return     :    34.41 ± 11.83
 Avg Steps      :     19.6
 Avg Reward/Step:    1.753
────────────────────────────────────────────────────────────────────────────────
 Elapsed Time   :    0.8 min
════════════════════════════════════════════════════════════════════════════════


════════════════════════════════════════════════════════════════════════════════
 Episode 3,001/15000 [######────────────────────────]  20.0%
────────────────────────────────────────────────────────────────────────────────
 Last Return    :    43.05
 Last Steps     :       23
 Reward/Step    :    1.872
────────────────────────────────────────────────────────────────────────────────
 Avg Return     :    39.18 ± 2.26
 Avg Steps      :     21.1
 Avg Reward/Step:    1.856
────────────────────────────────────────────────────────────────────────────────
 Elapsed Time   :    1.1 min
════════════════════════════════════════════════════════════════════════════════


════════════════════════════════════════════════════════════════════════════════
 Episode 4,001/15000 [########──────────────────────]  26.7%
────────────────────────────────────────────────────────────────────────────────
 Last Return    :   168.74
 Last Steps     :       83
 Reward/Step    :    2.033
────────────────────────────────────────────────────────────────────────────────
 Avg Return     :   108.55 ± 59.01
 Avg Steps      :     54.8
 Avg Reward/Step:    1.981
────────────────────────────────────────────────────────────────────────────────
 Elapsed Time   :    1.9 min
════════════════════════════════════════════════════════════════════════════════


════════════════════════════════════════════════════════════════════════════════
 Episode 5,001/15000 [##########────────────────────]  33.3%
────────────────────────────────────────────────────────────────────────────────
 Last Return    :     7.66
 Last Steps     :       12
 Reward/Step    :    0.638
────────────────────────────────────────────────────────────────────────────────
 Avg Return     :    83.46 ± 70.99
 Avg Steps      :     43.3
 Avg Reward/Step:    1.930
────────────────────────────────────────────────────────────────────────────────
 Elapsed Time   :    2.6 min
════════════════════════════════════════════════════════════════════════════════


════════════════════════════════════════════════════════════════════════════════
 Model Saved
════════════════════════════════════════════════════════════════════════════════
 Episode       : 4999
 Save Path     : models/Actor-Critic_batch50_mode_TD_seed17_episode005000.mdl
════════════════════════════════════════════════════════════════════════════════


════════════════════════════════════════════════════════════════════════════════
 New Best Model Saved
════════════════════════════════════════════════════════════════════════════════
 Episode       : 4999
 Avg Reward    : 83.46
 Save Path     : models/Actor-Critic_batch50_mode_TD_seed17_best.mdl
════════════════════════════════════════════════════════════════════════════════


════════════════════════════════════════════════════════════════════════════════
 Episode 6,001/15000 [############──────────────────]  40.0%
────────────────────────────────────────────────────────────────────────────────
 Last Return    :    84.62
 Last Steps     :       43
 Reward/Step    :    1.968
────────────────────────────────────────────────────────────────────────────────
 Avg Return     :    87.43 ± 63.79
 Avg Steps      :     43.8
 Avg Reward/Step:    1.995
────────────────────────────────────────────────────────────────────────────────
 Elapsed Time   :    3.2 min
════════════════════════════════════════════════════════════════════════════════


════════════════════════════════════════════════════════════════════════════════
 Episode 7,001/15000 [##############────────────────]  46.7%
────────────────────────────────────────────────────────────────────────────────
 Last Return    :   101.45
 Last Steps     :       52
 Reward/Step    :    1.951
────────────────────────────────────────────────────────────────────────────────
 Avg Return     :   146.23 ± 28.51
 Avg Steps      :     73.5
 Avg Reward/Step:    1.988
────────────────────────────────────────────────────────────────────────────────
 Elapsed Time   :    4.3 min
════════════════════════════════════════════════════════════════════════════════


════════════════════════════════════════════════════════════════════════════════
 Episode 8,001/15000 [################──────────────]  53.3%
────────────────────────────────────────────────────────────────────────────────
 Last Return    :   156.47
 Last Steps     :       78
 Reward/Step    :    2.006
────────────────────────────────────────────────────────────────────────────────
 Avg Return     :   120.33 ± 41.04
 Avg Steps      :     60.4
 Avg Reward/Step:    1.991
────────────────────────────────────────────────────────────────────────────────
 Elapsed Time   :    5.2 min
════════════════════════════════════════════════════════════════════════════════


════════════════════════════════════════════════════════════════════════════════
 Episode 9,001/15000 [##################────────────]  60.0%
────────────────────────────────────────────────────────────────────────────────
 Last Return    :   170.62
 Last Steps     :       82
 Reward/Step    :    2.081
────────────────────────────────────────────────────────────────────────────────
 Avg Return     :   144.12 ± 35.29
 Avg Steps      :     72.8
 Avg Reward/Step:    1.980
────────────────────────────────────────────────────────────────────────────────
 Elapsed Time   :    6.2 min
════════════════════════════════════════════════════════════════════════════════


════════════════════════════════════════════════════════════════════════════════
 Episode 10,001/15000 [####################──────────]  66.7%
────────────────────────────────────────────────────────────────────────────────
 Last Return    :    64.87
 Last Steps     :       35
 Reward/Step    :    1.853
────────────────────────────────────────────────────────────────────────────────
 Avg Return     :    87.67 ± 47.00
 Avg Steps      :     46.4
 Avg Reward/Step:    1.889
────────────────────────────────────────────────────────────────────────────────
 Elapsed Time   :    6.9 min
════════════════════════════════════════════════════════════════════════════════


════════════════════════════════════════════════════════════════════════════════
 Model Saved
════════════════════════════════════════════════════════════════════════════════
 Episode       : 9999
 Save Path     : models/Actor-Critic_batch50_mode_TD_seed17_episode010000.mdl
════════════════════════════════════════════════════════════════════════════════


════════════════════════════════════════════════════════════════════════════════
 New Best Model Saved
════════════════════════════════════════════════════════════════════════════════
 Episode       : 9999
 Avg Reward    : 87.67
 Save Path     : models/Actor-Critic_batch50_mode_TD_seed17_best.mdl
════════════════════════════════════════════════════════════════════════════════


════════════════════════════════════════════════════════════════════════════════
 Episode 11,001/15000 [######################────────]  73.3%
────────────────────────────────────────────────────────────────────────────────
 Last Return    :    64.13
 Last Steps     :       35
 Reward/Step    :    1.832
────────────────────────────────────────────────────────────────────────────────
 Avg Return     :    62.50 ± 7.66
 Avg Steps      :     33.7
 Avg Reward/Step:    1.854
────────────────────────────────────────────────────────────────────────────────
 Elapsed Time   :    7.4 min
════════════════════════════════════════════════════════════════════════════════


════════════════════════════════════════════════════════════════════════════════
 Episode 12,001/15000 [########################──────]  80.0%
────────────────────────────────────────────────────────────────────────────────
 Last Return    :    81.46
 Last Steps     :       46
 Reward/Step    :    1.771
────────────────────────────────────────────────────────────────────────────────
 Avg Return     :    71.73 ± 6.14
 Avg Steps      :     40.2
 Avg Reward/Step:    1.784
────────────────────────────────────────────────────────────────────────────────
 Elapsed Time   :    8.0 min
════════════════════════════════════════════════════════════════════════════════


════════════════════════════════════════════════════════════════════════════════
 Episode 13,001/15000 [##########################────]  86.7%
────────────────────────────────────────────────────────────────────────────────
 Last Return    :   119.38
 Last Steps     :       65
 Reward/Step    :    1.837
────────────────────────────────────────────────────────────────────────────────
 Avg Return     :   100.62 ± 16.27
 Avg Steps      :     56.4
 Avg Reward/Step:    1.785
────────────────────────────────────────────────────────────────────────────────
 Elapsed Time   :    8.8 min
════════════════════════════════════════════════════════════════════════════════


════════════════════════════════════════════════════════════════════════════════
 Episode 14,001/15000 [############################──]  93.3%
────────────────────────────────────────────────────────────────────────────────
 Last Return    :    15.11
 Last Steps     :       12
 Reward/Step    :    1.259
────────────────────────────────────────────────────────────────────────────────
 Avg Return     :    91.33 ± 61.20
 Avg Steps      :     48.0
 Avg Reward/Step:    1.903
────────────────────────────────────────────────────────────────────────────────
 Elapsed Time   :    9.5 min
════════════════════════════════════════════════════════════════════════════════


════════════════════════════════════════════════════════════════════════════════
 Episode 15,001/15000 [##############################] 100.0%
────────────────────────────────────────────────────────────────────────────────
 Last Return    :    81.46
 Last Steps     :       46
 Reward/Step    :    1.771
────────────────────────────────────────────────────────────────────────────────
 Avg Return     :    78.41 ± 45.17
 Avg Steps      :     42.0
 Avg Reward/Step:    1.867
────────────────────────────────────────────────────────────────────────────────
 Elapsed Time   :   10.1 min
════════════════════════════════════════════════════════════════════════════════


════════════════════════════════════════════════════════════════════════════════
 Model Saved
════════════════════════════════════════════════════════════════════════════════
 Episode       : 14999
 Save Path     : models/Actor-Critic_batch50_mode_TD_seed17_episode015000.mdl
════════════════════════════════════════════════════════════════════════════════


════════════════════════════════════════════════════════════════════════════════
 Training Completed
════════════════════════════════════════════════════════════════════════════════
 Total Episodes : 15000
 Total Time     : 10.2 minutes
════════════════════════════════════════════════════════════════════════════════

